<?xml version="1.0" encoding="UTF-8"?>
<testsuite xmlns:xsi="http://www.w3.org/2001/XMLSchema-instance" xsi:noNamespaceSchemaLocation="https://maven.apache.org/surefire/maven-surefire-plugin/xsd/surefire-test-report.xsd" name="TestSuite" time="1.667" tests="2" errors="0" skipped="0" failures="0">
  <properties>
[...]
</properties>
  <testcase name="runScenario" classname="com.karlin.testing.acceptance.test.test.GetTest" time="1.099"/>
  <testcase name="runScenario" classname="com.karlin.testing.acceptance.test.test.Get2Test" time="0.123"/>
</testsuite>